<?xml version="1.0" encoding="UTF-8"?>
<!-- Generated by org.testng.reporters.JUnitReportReporter -->
<testsuite hostname="erincon" name="firsttestngpackage.FirstTestNGFile" tests="1" failures="0" timestamp="16 Mar 2016 07:14:34 GMT" time="1.896" errors="0">
  <testcase name="verifyHomePageTitle" time="1.896" classname="firsttestngpackage.FirstTestNGFile"/>
</testsuite> <!-- firsttestngpackage.FirstTestNGFile -->
