<?xml version="1.0" encoding="UTF-8"?>
<!-- Generated by org.testng.reporters.JUnitReportReporter -->
<testsuite hostname="erincon" name="firsttestngpackage.DataProviderExample" tests="3" failures="0" timestamp="22 Mar 2016 06:03:26 GMT" time="10.064" errors="0">
  <testcase name="testMethod" time="3.297" classname="firsttestngpackage.DataProviderExample"/>
  <testcase name="testMethod" time="3.516" classname="firsttestngpackage.DataProviderExample"/>
  <testcase name="testMethod" time="3.251" classname="firsttestngpackage.DataProviderExample"/>
</testsuite> <!-- firsttestngpackage.DataProviderExample -->
