<?xml version="1.0" encoding="UTF-8"?>
<!-- Generated by org.testng.reporters.JUnitReportReporter -->
<testsuite hostname="erincon" name="firsttestngpackage.ParameterWithTestNGXML" tests="1" failures="0" timestamp="30 Mar 2016 22:56:48 GMT" time="14.934" errors="0">
  <testcase name="testParameterWithXML" time="14.934" classname="firsttestngpackage.ParameterWithTestNGXML"/>
</testsuite> <!-- firsttestngpackage.ParameterWithTestNGXML -->
